<?xml version="1.0" encoding="UTF-8"?>
<!-- Generated by org.testng.reporters.JUnitReportReporter -->
<testsuite skipped="0" hostname="GauravB-LT" name="com.test.SikuliMaven.PkiUserDeleteTest" tests="1" failures="0" timestamp="08 Jun 2017 12:32:42 GMT" time="6.703" errors="0">
  <testcase name="pkiUserDeleteTest" time="6.703" classname="com.test.SikuliMaven.PkiUserDeleteTest"/>
</testsuite> <!-- com.test.SikuliMaven.PkiUserDeleteTest -->
