<?xml version="1.0" encoding="UTF-8"?>
<!-- Generated by org.testng.reporters.JUnitReportReporter -->
<testsuite skipped="0" hostname="GauravB-LT" name="com.test.SikuliMaven.PkiLoginTest" tests="1" failures="0" timestamp="08 Jun 2017 12:32:42 GMT" time="7.453" errors="0">
  <testcase name="pkiLoginTest" time="7.453" classname="com.test.SikuliMaven.PkiLoginTest"/>
</testsuite> <!-- com.test.SikuliMaven.PkiLoginTest -->
