<?xml version="1.0" encoding="UTF-8"?>
<!-- Generated by org.testng.reporters.JUnitReportReporter -->
<testsuite skipped="0" hostname="GauravB-LT" name="com.test.SikuliMaven.PkiLoginTest" tests="1" failures="0" timestamp="14 Jun 2017 12:57:06 GMT" time="6.696" errors="0">
  <testcase name="pkiLoginTest" time="6.696" classname="com.test.SikuliMaven.PkiLoginTest"/>
</testsuite> <!-- com.test.SikuliMaven.PkiLoginTest -->
