<?xml version="1.0" encoding="UTF-8"?>
<!-- Generated by org.testng.reporters.JUnitReportReporter -->
<testsuite skipped="0" hostname="GauravB-LT" name="com.test.SikuliMaven.PkiUserDeleteTest" tests="1" failures="0" timestamp="14 Jun 2017 12:15:06 GMT" time="3.718" errors="0">
  <testcase name="pkiUserDeleteTest" time="3.718" classname="com.test.SikuliMaven.PkiUserDeleteTest"/>
</testsuite> <!-- com.test.SikuliMaven.PkiUserDeleteTest -->
