<?xml version="1.0" encoding="UTF-8"?>
<!-- Generated by org.testng.reporters.JUnitReportReporter -->
<testsuite skipped="0" hostname="GauravB-LT" name="com.test.SikuliMaven.PkiUserDeleteTest" tests="1" failures="0" timestamp="16 Jun 2017 11:39:56 GMT" time="4.040" errors="0">
  <testcase name="pkiUserDeleteTest" time="4.040" classname="com.test.SikuliMaven.PkiUserDeleteTest"/>
</testsuite> <!-- com.test.SikuliMaven.PkiUserDeleteTest -->
