<?xml version="1.0" encoding="UTF-8"?>
<!-- Generated by org.testng.reporters.JUnitReportReporter -->
<testsuite skipped="0" hostname="GauravB-LT" name="com.test.SikuliMaven.PkiCompanyDeleteTest" tests="1" failures="0" timestamp="16 Jun 2017 11:39:56 GMT" time="8.150" errors="0">
  <testcase name="pkiCompDeleteTest" time="8.150" classname="com.test.SikuliMaven.PkiCompanyDeleteTest"/>
</testsuite> <!-- com.test.SikuliMaven.PkiCompanyDeleteTest -->
