<?xml version="1.0" encoding="UTF-8"?>
<!-- Generated by org.testng.reporters.JUnitReportReporter -->
<testsuite skipped="0" hostname="GauravB-LT" name="com.test.SikuliMaven.PkiCompanyAddTest" tests="1" failures="0" timestamp="16 Jun 2017 11:39:56 GMT" time="10.905" errors="0">
  <testcase name="pkiCompanyAddTest" time="10.905" classname="com.test.SikuliMaven.PkiCompanyAddTest"/>
</testsuite> <!-- com.test.SikuliMaven.PkiCompanyAddTest -->
