<?xml version="1.0" encoding="UTF-8"?>
<!-- Generated by org.testng.reporters.JUnitReportReporter -->
<testsuite skipped="0" hostname="GauravB-LT" name="com.test.SikuliMaven.PkiUserEditTest" tests="1" failures="0" timestamp="16 Jun 2017 11:39:56 GMT" time="3.217" errors="0">
  <testcase name="pkiUserEditTest" time="3.217" classname="com.test.SikuliMaven.PkiUserEditTest"/>
</testsuite> <!-- com.test.SikuliMaven.PkiUserEditTest -->
