<?xml version="1.0" encoding="UTF-8"?>
<!-- Generated by org.testng.reporters.JUnitReportReporter -->
<testsuite skipped="0" hostname="GauravB-LT" name="com.test.SikuliMaven.PkiUserAddTest" tests="1" failures="0" timestamp="14 Jun 2017 12:15:06 GMT" time="16.515" errors="0">
  <testcase name="pkiUserAddTest" time="16.515" classname="com.test.SikuliMaven.PkiUserAddTest"/>
</testsuite> <!-- com.test.SikuliMaven.PkiUserAddTest -->
