<?xml version="1.0" encoding="UTF-8"?>
<!-- Generated by org.testng.reporters.JUnitReportReporter -->
<testsuite skipped="0" hostname="GauravB-LT" name="com.test.SikuliMaven.PkiCompanyAddTest" tests="1" failures="0" timestamp="14 Jun 2017 12:57:06 GMT" time="19.065" errors="0">
  <testcase name="pkiCompanyAddTest" time="19.065" classname="com.test.SikuliMaven.PkiCompanyAddTest"/>
</testsuite> <!-- com.test.SikuliMaven.PkiCompanyAddTest -->
