<?xml version="1.0" encoding="UTF-8"?>
<!-- Generated by org.testng.reporters.JUnitReportReporter -->
<testsuite skipped="0" hostname="GauravB-LT" name="com.test.SikuliMaven.PkiCompanyDeleteTest" tests="1" failures="0" timestamp="14 Jun 2017 12:57:06 GMT" time="21.877" errors="0">
  <testcase name="pkiCompDeleteTest" time="21.877" classname="com.test.SikuliMaven.PkiCompanyDeleteTest"/>
</testsuite> <!-- com.test.SikuliMaven.PkiCompanyDeleteTest -->
