<?xml version="1.0" encoding="UTF-8"?>
<!-- Generated by org.testng.reporters.JUnitReportReporter -->
<testsuite skipped="0" hostname="GauravB-LT" name="com.test.SikuliMaven.PkiToolApplicationExitTest" tests="1" failures="0" timestamp="16 Jun 2017 11:39:56 GMT" time="2.303" errors="0">
  <testcase name="pkiToolApplicationExit" time="2.303" classname="com.test.SikuliMaven.PkiToolApplicationExitTest"/>
</testsuite> <!-- com.test.SikuliMaven.PkiToolApplicationExitTest -->
